<?xml version="1.0" encoding="UTF-8"?>
<testsuite name="com.practica.crean.arquitecture.ApplicationTests" tests="1" skipped="0" failures="0" errors="0" timestamp="2024-05-19T03:19:15" hostname="DESKTOP-G14AD20" time="0.429">
  <properties/>
  <testcase name="contextLoads()" classname="com.practica.crean.arquitecture.ApplicationTests" time="0.429"/>
  <system-out><![CDATA[21:19:11.435 [Test worker] INFO org.springframework.test.context.support.AnnotationConfigContextLoaderUtils -- Could not detect default configuration classes for test class [com.practica.crean.arquitecture.ApplicationTests]: ApplicationTests does not declare any static, non-private, non-final, nested classes annotated with @Configuration.
21:19:11.521 [Test worker] INFO org.springframework.boot.test.context.SpringBootTestContextBootstrapper -- Found @SpringBootConfiguration com.practica.crean.arquitecture.Application for test class com.practica.crean.arquitecture.ApplicationTests

  .   ____          _            __ _ _
 /\\ / ___'_ __ _ _(_)_ __  __ _ \ \ \ \
( ( )\___ | '_ | '_| | '_ \/ _` | \ \ \ \
 \\/  ___)| |_)| | | | | || (_| |  ) ) ) )
  '  |____| .__|_| |_|_| |_\__, | / / / /
 =========|_|==============|___/=/_/_/_/
 :: Spring Boot ::                (v3.2.5)

2024-05-18T21:19:11.851-06:00  INFO 19052 --- [crean.arquitecture] [    Test worker] c.p.crean.arquitecture.ApplicationTests  : Starting ApplicationTests using Java 21.0.2 with PID 19052 (started by Daniel in C:\Users\Daniel\Downloads\clean arquitecture\practica\crean.arquitecture.java)
2024-05-18T21:19:11.852-06:00  INFO 19052 --- [crean.arquitecture] [    Test worker] c.p.crean.arquitecture.ApplicationTests  : No active profile set, falling back to 1 default profile: "default"
2024-05-18T21:19:12.506-06:00  INFO 19052 --- [crean.arquitecture] [    Test worker] .s.d.r.c.RepositoryConfigurationDelegate : Bootstrapping Spring Data JPA repositories in DEFAULT mode.
2024-05-18T21:19:12.570-06:00  INFO 19052 --- [crean.arquitecture] [    Test worker] .s.d.r.c.RepositoryConfigurationDelegate : Finished Spring Data repository scanning in 51 ms. Found 1 JPA repository interface.
2024-05-18T21:19:12.973-06:00  INFO 19052 --- [crean.arquitecture] [    Test worker] com.zaxxer.hikari.HikariDataSource       : HikariPool-1 - Starting...
2024-05-18T21:19:13.157-06:00  INFO 19052 --- [crean.arquitecture] [    Test worker] com.zaxxer.hikari.pool.HikariPool        : HikariPool-1 - Added connection conn0: url=jdbc:h2:mem:db user=SA
2024-05-18T21:19:13.158-06:00  INFO 19052 --- [crean.arquitecture] [    Test worker] com.zaxxer.hikari.HikariDataSource       : HikariPool-1 - Start completed.
2024-05-18T21:19:13.211-06:00  INFO 19052 --- [crean.arquitecture] [    Test worker] o.hibernate.jpa.internal.util.LogHelper  : HHH000204: Processing PersistenceUnitInfo [name: default]
2024-05-18T21:19:13.307-06:00  INFO 19052 --- [crean.arquitecture] [    Test worker] org.hibernate.Version                    : HHH000412: Hibernate ORM core version 6.4.4.Final
2024-05-18T21:19:13.343-06:00  INFO 19052 --- [crean.arquitecture] [    Test worker] o.h.c.internal.RegionFactoryInitiator    : HHH000026: Second-level cache disabled
2024-05-18T21:19:13.498-06:00  INFO 19052 --- [crean.arquitecture] [    Test worker] o.s.o.j.p.SpringPersistenceUnitInfo      : No LoadTimeWeaver setup: ignoring JPA class transformer
2024-05-18T21:19:14.021-06:00  INFO 19052 --- [crean.arquitecture] [    Test worker] o.h.e.t.j.p.i.JtaPlatformInitiator       : HHH000489: No JTA platform available (set 'hibernate.transaction.jta.platform' to enable JTA platform integration)
2024-05-18T21:19:14.046-06:00  INFO 19052 --- [crean.arquitecture] [    Test worker] j.LocalContainerEntityManagerFactoryBean : Initialized JPA EntityManagerFactory for persistence unit 'default'
2024-05-18T21:19:14.809-06:00  WARN 19052 --- [crean.arquitecture] [    Test worker] JpaBaseConfiguration$JpaWebConfiguration : spring.jpa.open-in-view is enabled by default. Therefore, database queries may be performed during view rendering. Explicitly configure spring.jpa.open-in-view to disable this warning
2024-05-18T21:19:15.620-06:00  INFO 19052 --- [crean.arquitecture] [    Test worker] c.p.crean.arquitecture.ApplicationTests  : Started ApplicationTests in 3.959 seconds (process running for 4.88)
]]></system-out>
  <system-err><![CDATA[WARNING: A Java agent has been loaded dynamically (C:\Users\Daniel\.gradle\caches\modules-2\files-2.1\net.bytebuddy\byte-buddy-agent\1.14.13\979ce25f7d3096a2e82214ba7dc972a05ce7a171\byte-buddy-agent-1.14.13.jar)
WARNING: If a serviceability tool is in use, please run with -XX:+EnableDynamicAgentLoading to hide this warning
WARNING: If a serviceability tool is not in use, please run with -Djdk.instrument.traceUsage for more information
WARNING: Dynamic loading of agents will be disallowed by default in a future release
]]></system-err>
</testsuite>
